# JRE version: OpenJDK Runtime Environment (21.0.6) (build 21.0.6+-13391695-b895.109)
# Java VM: OpenJDK 64-Bit Server VM (21.0.6+-13391695-b895.109, mixed mode, tiered, compressed oops, compressed class ptrs, g1 gc, windows-amd64)
GC Precious Log:
 CardTable entry size: 512
 Card Set container configuration: InlinePtr #cards 4 size 8 Array Of Cards #cards 16 size 48 Howl #buckets 8 coarsen threshold 3686 Howl Bitmap #cards 512 size 80 coarsen threshold 460 Card regions per heap region 1 cards per card region 4096
 CPUs: 8 total, 8 available
 Memory: 16279M
 Large Page Support: Disabled
 NUMA Support: Disabled
 Compressed Oops: Enabled (Zero based)
 Heap Region Size: 2M
 Heap Min Capacity: 8M
 Heap Initial Capacity: 256M
 Heap Max Capacity: 4070M
 Pre-touch: Disabled
 Parallel Workers: 8
 Concurrent Workers: 2
 Concurrent Refinement Workers: 8
 Periodic GC: Disabled
Heap:
 garbage-first heap   total 155648K, used 60049K [0x0000000701a00000, 0x0000000800000000)
  region size 2048K, 9 young (18432K), 5 survivors (10240K)
 Metaspace       used 56645K, committed 56960K, reserved 1114112K
  class space    used 6439K, committed 6592K, reserved 1048576K
GC Heap History (18 events):
Event: 0.932 GC heap before
{Heap before GC invocations=0 (full 0):
 garbage-first heap   total 262144K, used 24576K [0x0000000701a00000, 0x0000000800000000)
  region size 2048K, 11 young (22528K), 0 survivors (0K)
 Metaspace       used 13610K, committed 13824K, reserved 1114112K
  class space    used 1274K, committed 1344K, reserved 1048576K
}
Event: 0.936 GC heap after
{Heap after GC invocations=1 (full 0):
 garbage-first heap   total 262144K, used 6997K [0x0000000701a00000, 0x0000000800000000)
  region size 2048K, 2 young (4096K), 2 survivors (4096K)
 Metaspace       used 13610K, committed 13824K, reserved 1114112K
  class space    used 1274K, committed 1344K, reserved 1048576K
}
Event: 1.456 GC heap before
{Heap before GC invocations=1 (full 0):
 garbage-first heap   total 262144K, used 31573K [0x0000000701a00000, 0x0000000800000000)
  region size 2048K, 15 young (30720K), 2 survivors (4096K)
 Metaspace       used 21362K, committed 21504K, reserved 1114112K
  class space    used 2170K, committed 2240K, reserved 1048576K
}
Event: 1.461 GC heap after
{Heap after GC invocations=2 (full 0):
 garbage-first heap   total 262144K, used 8565K [0x0000000701a00000, 0x0000000800000000)
  region size 2048K, 3 young (6144K), 3 survivors (6144K)
 Metaspace       used 21362K, committed 21504K, reserved 1114112K
  class space    used 2170K, committed 2240K, reserved 1048576K
}
Event: 1.945 GC heap before
{Heap before GC invocations=3 (full 0):
 garbage-first heap   total 34816K, used 33141K [0x0000000701a00000, 0x0000000800000000)
  region size 2048K, 15 young (30720K), 3 survivors (6144K)
 Metaspace       used 25201K, committed 25536K, reserved 1114112K
  class space    used 2656K, committed 2816K, reserved 1048576K
}
Event: 1.960 GC heap after
{Heap after GC invocations=4 (full 0):
 garbage-first heap   total 47104K, used 15773K [0x0000000701a00000, 0x0000000800000000)
  region size 2048K, 6 young (12288K), 6 survivors (12288K)
 Metaspace       used 25201K, committed 25536K, reserved 1114112K
  class space    used 2656K, committed 2816K, reserved 1048576K
}
Event: 2.308 GC heap before
{Heap before GC invocations=4 (full 0):
 garbage-first heap   total 47104K, used 30109K [0x0000000701a00000, 0x0000000800000000)
  region size 2048K, 13 young (26624K), 6 survivors (12288K)
 Metaspace       used 28590K, committed 28800K, reserved 1114112K
  class space    used 3049K, committed 3136K, reserved 1048576K
}
Event: 2.325 GC heap after
{Heap after GC invocations=5 (full 0):
 garbage-first heap   total 47104K, used 17674K [0x0000000701a00000, 0x0000000800000000)
  region size 2048K, 1 young (2048K), 1 survivors (2048K)
 Metaspace       used 28590K, committed 28800K, reserved 1114112K
  class space    used 3049K, committed 3136K, reserved 1048576K
}
Event: 2.877 GC heap before
{Heap before GC invocations=5 (full 0):
 garbage-first heap   total 47104K, used 36106K [0x0000000701a00000, 0x0000000800000000)
  region size 2048K, 10 young (20480K), 1 survivors (2048K)
 Metaspace       used 33933K, committed 34176K, reserved 1114112K
  class space    used 4103K, committed 4224K, reserved 1048576K
}
Event: 2.885 GC heap after
{Heap after GC invocations=6 (full 0):
 garbage-first heap   total 47104K, used 18566K [0x0000000701a00000, 0x0000000800000000)
  region size 2048K, 2 young (4096K), 2 survivors (4096K)
 Metaspace       used 33933K, committed 34176K, reserved 1114112K
  class space    used 4103K, committed 4224K, reserved 1048576K
}
Event: 3.034 GC heap before
{Heap before GC invocations=6 (full 0):
 garbage-first heap   total 47104K, used 24710K [0x0000000701a00000, 0x0000000800000000)
  region size 2048K, 6 young (12288K), 2 survivors (4096K)
 Metaspace       used 35709K, committed 35968K, reserved 1114112K
  class space    used 4291K, committed 4416K, reserved 1048576K
}
Event: 3.042 GC heap after
{Heap after GC invocations=7 (full 0):
 garbage-first heap   total 47104K, used 18996K [0x0000000701a00000, 0x0000000800000000)
  region size 2048K, 1 young (2048K), 1 survivors (2048K)
 Metaspace       used 35709K, committed 35968K, reserved 1114112K
  class space    used 4291K, committed 4416K, reserved 1048576K
}
Event: 3.453 GC heap before
{Heap before GC invocations=8 (full 0):
 garbage-first heap   total 47104K, used 37428K [0x0000000701a00000, 0x0000000800000000)
  region size 2048K, 10 young (20480K), 1 survivors (2048K)
 Metaspace       used 40527K, committed 40832K, reserved 1114112K
  class space    used 4770K, committed 4928K, reserved 1048576K
}
Event: 3.461 GC heap after
{Heap after GC invocations=9 (full 0):
 garbage-first heap   total 155648K, used 19876K [0x0000000701a00000, 0x0000000800000000)
  region size 2048K, 2 young (4096K), 2 survivors (4096K)
 Metaspace       used 40527K, committed 40832K, reserved 1114112K
  class space    used 4770K, committed 4928K, reserved 1048576K
}
Event: 5.587 GC heap before
{Heap before GC invocations=9 (full 0):
 garbage-first heap   total 155648K, used 105892K [0x0000000701a00000, 0x0000000800000000)
  region size 2048K, 45 young (92160K), 2 survivors (4096K)
 Metaspace       used 52229K, committed 52544K, reserved 1114112K
  class space    used 5974K, committed 6144K, reserved 1048576K
}
Event: 5.622 GC heap after
{Heap after GC invocations=10 (full 0):
 garbage-first heap   total 155648K, used 35482K [0x0000000701a00000, 0x0000000800000000)
  region size 2048K, 6 young (12288K), 6 survivors (12288K)
 Metaspace       used 52229K, committed 52544K, reserved 1114112K
  class space    used 5974K, committed 6144K, reserved 1048576K
}
Event: 6.690 GC heap before
{Heap before GC invocations=10 (full 0):
 garbage-first heap   total 155648K, used 105114K [0x0000000701a00000, 0x0000000800000000)
  region size 2048K, 40 young (81920K), 6 survivors (12288K)
 Metaspace       used 56239K, committed 56576K, reserved 1114112K
  class space    used 6407K, committed 6528K, reserved 1048576K
}
Event: 6.729 GC heap after
{Heap after GC invocations=11 (full 0):
 garbage-first heap   total 155648K, used 53905K [0x0000000701a00000, 0x0000000800000000)
  region size 2048K, 5 young (10240K), 5 survivors (10240K)
 Metaspace       used 56239K, committed 56576K, reserved 1114112K
  class space    used 6407K, committed 6528K, reserved 1048576K
}

