# JRE version: OpenJDK Runtime Environment (21.0.6) (build 21.0.6+-13391695-b895.109)
# Java VM: OpenJDK 64-Bit Server VM (21.0.6+-13391695-b895.109, mixed mode, tiered, compressed oops, compressed class ptrs, g1 gc, windows-amd64)
GC Precious Log:
 CardTable entry size: 512
 Card Set container configuration: InlinePtr #cards 5 size 8 Array Of Cards #cards 12 size 40 Howl #buckets 4 coarsen threshold 1843 Howl Bitmap #cards 512 size 80 coarsen threshold 460 Card regions per heap region 1 cards per card region 2048
 CPUs: 8 total, 8 available
 Memory: 16279M
 Large Page Support: Disabled
 NUMA Support: Disabled
 Compressed Oops: Enabled (32-bit)
 Heap Region Size: 1M
 Heap Min Capacity: 8M
 Heap Initial Capacity: 256M
 Heap Max Capacity: 2G
 Pre-touch: Disabled
 Parallel Workers: 8
 Concurrent Workers: 2
 Concurrent Refinement Workers: 8
 Periodic GC: Disabled
Heap:
 garbage-first heap   total 106496K, used 78364K [0x0000000080000000, 0x0000000100000000)
  region size 1024K, 37 young (37888K), 4 survivors (4096K)
 Metaspace       used 69807K, committed 71680K, reserved 1114112K
  class space    used 9546K, committed 10496K, reserved 1048576K
GC Heap History (20 events):
Event: 7.889 GC heap before
{Heap before GC invocations=5 (full 0):
 garbage-first heap   total 71680K, used 69386K [0x0000000080000000, 0x0000000100000000)
  region size 1024K, 58 young (59392K), 9 survivors (9216K)
 Metaspace       used 29136K, committed 29696K, reserved 1114112K
  class space    used 3705K, committed 3968K, reserved 1048576K
}
Event: 7.899 GC heap after
{Heap after GC invocations=6 (full 0):
 garbage-first heap   total 82944K, used 22953K [0x0000000080000000, 0x0000000100000000)
  region size 1024K, 11 young (11264K), 11 survivors (11264K)
 Metaspace       used 29136K, committed 29696K, reserved 1114112K
  class space    used 3705K, committed 3968K, reserved 1048576K
}
Event: 10.311 GC heap before
{Heap before GC invocations=6 (full 0):
 garbage-first heap   total 82944K, used 60841K [0x0000000080000000, 0x0000000100000000)
  region size 1024K, 48 young (49152K), 11 survivors (11264K)
 Metaspace       used 34049K, committed 34816K, reserved 1114112K
  class space    used 4534K, committed 4928K, reserved 1048576K
}
Event: 10.323 GC heap after
{Heap after GC invocations=7 (full 0):
 garbage-first heap   total 82944K, used 25439K [0x0000000080000000, 0x0000000100000000)
  region size 1024K, 6 young (6144K), 6 survivors (6144K)
 Metaspace       used 34049K, committed 34816K, reserved 1114112K
  class space    used 4534K, committed 4928K, reserved 1048576K
}
Event: 10.733 GC heap before
{Heap before GC invocations=7 (full 0):
 garbage-first heap   total 82944K, used 33631K [0x0000000080000000, 0x0000000100000000)
  region size 1024K, 15 young (15360K), 6 survivors (6144K)
 Metaspace       used 35356K, committed 36160K, reserved 1114112K
  class space    used 4715K, committed 5120K, reserved 1048576K
}
Event: 10.741 GC heap after
{Heap after GC invocations=8 (full 0):
 garbage-first heap   total 82944K, used 25560K [0x0000000080000000, 0x0000000100000000)
  region size 1024K, 3 young (3072K), 3 survivors (3072K)
 Metaspace       used 35356K, committed 36160K, reserved 1114112K
  class space    used 4715K, committed 5120K, reserved 1048576K
}
Event: 13.173 GC heap before
{Heap before GC invocations=9 (full 0):
 garbage-first heap   total 82944K, used 68568K [0x0000000080000000, 0x0000000100000000)
  region size 1024K, 46 young (47104K), 3 survivors (3072K)
 Metaspace       used 43589K, committed 44544K, reserved 1114112K
  class space    used 5722K, committed 6208K, reserved 1048576K
}
Event: 13.183 GC heap after
{Heap after GC invocations=10 (full 0):
 garbage-first heap   total 82944K, used 30168K [0x0000000080000000, 0x0000000100000000)
  region size 1024K, 6 young (6144K), 6 survivors (6144K)
 Metaspace       used 43589K, committed 44544K, reserved 1114112K
  class space    used 5722K, committed 6208K, reserved 1048576K
}
Event: 14.410 GC heap before
{Heap before GC invocations=10 (full 0):
 garbage-first heap   total 82944K, used 74200K [0x0000000080000000, 0x0000000100000000)
  region size 1024K, 45 young (46080K), 6 survivors (6144K)
 Metaspace       used 47072K, committed 48128K, reserved 1114112K
  class space    used 6125K, committed 6656K, reserved 1048576K
}
Event: 14.423 GC heap after
{Heap after GC invocations=11 (full 0):
 garbage-first heap   total 88064K, used 34444K [0x0000000080000000, 0x0000000100000000)
  region size 1024K, 5 young (5120K), 5 survivors (5120K)
 Metaspace       used 47072K, committed 48128K, reserved 1114112K
  class space    used 6125K, committed 6656K, reserved 1048576K
}
Event: 15.689 GC heap before
{Heap before GC invocations=11 (full 0):
 garbage-first heap   total 88064K, used 74380K [0x0000000080000000, 0x0000000100000000)
  region size 1024K, 44 young (45056K), 5 survivors (5120K)
 Metaspace       used 51860K, committed 53248K, reserved 1114112K
  class space    used 6917K, committed 7616K, reserved 1048576K
}
Event: 15.700 GC heap after
{Heap after GC invocations=12 (full 0):
 garbage-first heap   total 88064K, used 37392K [0x0000000080000000, 0x0000000100000000)
  region size 1024K, 3 young (3072K), 3 survivors (3072K)
 Metaspace       used 51860K, committed 53248K, reserved 1114112K
  class space    used 6917K, committed 7616K, reserved 1048576K
}
Event: 17.299 GC heap before
{Heap before GC invocations=12 (full 0):
 garbage-first heap   total 88064K, used 76304K [0x0000000080000000, 0x0000000100000000)
  region size 1024K, 41 young (41984K), 3 survivors (3072K)
 Metaspace       used 55767K, committed 57280K, reserved 1114112K
  class space    used 7539K, committed 8320K, reserved 1048576K
}
Event: 17.306 GC heap after
{Heap after GC invocations=13 (full 0):
 garbage-first heap   total 88064K, used 41580K [0x0000000080000000, 0x0000000100000000)
  region size 1024K, 6 young (6144K), 6 survivors (6144K)
 Metaspace       used 55767K, committed 57280K, reserved 1114112K
  class space    used 7539K, committed 8320K, reserved 1048576K
}
Event: 17.908 GC heap before
{Heap before GC invocations=13 (full 0):
 garbage-first heap   total 88064K, used 77420K [0x0000000080000000, 0x0000000100000000)
  region size 1024K, 40 young (40960K), 6 survivors (6144K)
 Metaspace       used 57852K, committed 59456K, reserved 1114112K
  class space    used 7729K, committed 8512K, reserved 1048576K
}
Event: 17.918 GC heap after
{Heap after GC invocations=14 (full 0):
 garbage-first heap   total 88064K, used 43088K [0x0000000080000000, 0x0000000100000000)
  region size 1024K, 2 young (2048K), 2 survivors (2048K)
 Metaspace       used 57852K, committed 59456K, reserved 1114112K
  class space    used 7729K, committed 8512K, reserved 1048576K
}
Event: 18.251 GC heap before
{Heap before GC invocations=14 (full 0):
 garbage-first heap   total 88064K, used 50256K [0x0000000080000000, 0x0000000100000000)
  region size 1024K, 10 young (10240K), 2 survivors (2048K)
 Metaspace       used 58811K, committed 60416K, reserved 1114112K
  class space    used 7881K, committed 8704K, reserved 1048576K
}
Event: 18.254 GC heap after
{Heap after GC invocations=15 (full 0):
 garbage-first heap   total 106496K, used 43273K [0x0000000080000000, 0x0000000100000000)
  region size 1024K, 2 young (2048K), 2 survivors (2048K)
 Metaspace       used 58811K, committed 60416K, reserved 1114112K
  class space    used 7881K, committed 8704K, reserved 1048576K
}
Event: 19.868 GC heap before
{Heap before GC invocations=16 (full 0):
 garbage-first heap   total 106496K, used 94473K [0x0000000080000000, 0x0000000100000000)
  region size 1024K, 52 young (53248K), 2 survivors (2048K)
 Metaspace       used 65799K, committed 67456K, reserved 1114112K
  class space    used 8905K, committed 9728K, reserved 1048576K
}
Event: 19.873 GC heap after
{Heap after GC invocations=17 (full 0):
 garbage-first heap   total 106496K, used 45596K [0x0000000080000000, 0x0000000100000000)
  region size 1024K, 4 young (4096K), 4 survivors (4096K)
 Metaspace       used 65799K, committed 67456K, reserved 1114112K
  class space    used 8905K, committed 9728K, reserved 1048576K
}

